<?xml version="1.0" encoding="UTF-8"?>
<testng-results ignored="0" total="6" passed="6" failed="0" skipped="0">
  <reporter-output>
    <line>
      <![CDATA[Customer Created Successfully]]>
    </line>
    <line>
      <![CDATA[Customer Created Successfully]]>
    </line>
    <line>
      <![CDATA[Customer found]]>
    </line>
    <line>
      <![CDATA[Customer found]]>
    </line>
    <line>
      <![CDATA[Customer deleted successfully]]>
    </line>
    <line>
      <![CDATA[Customer deleted successfully]]>
    </line>
  </reporter-output>
  <suite started-at="2020-06-22T16:34:15 IST" name="Suite" finished-at="2020-06-22T16:37:13 IST" duration-ms="178313">
    <groups>
    </groups>
    <test started-at="2020-06-22T16:34:15 IST" name="Test" finished-at="2020-06-22T16:37:13 IST" duration-ms="178313">
      <class name="com.actitime.testscripts.CustomerTest">
        <test-method is-config="true" signature="OpenBrowser()[pri:0, instance:com.actitime.testscripts.CustomerTest@1a04f701]" started-at="2020-06-22T16:34:15 IST" name="OpenBrowser" finished-at="2020-06-22T16:34:22 IST" duration-ms="6638" status="PASS">
          <reporter-output>
          </reporter-output>
        </test-method> <!-- OpenBrowser -->
        <test-method is-config="true" signature="LoginApp()[pri:0, instance:com.actitime.testscripts.CustomerTest@1a04f701]" started-at="2020-06-22T16:34:22 IST" name="LoginApp" finished-at="2020-06-22T16:34:37 IST" duration-ms="14861" status="PASS">
          <reporter-output>
          </reporter-output>
        </test-method> <!-- LoginApp -->
        <test-method signature="testCreateCustomerHomePage()[pri:0, instance:com.actitime.testscripts.CustomerTest@1a04f701]" started-at="2020-06-22T16:34:37 IST" name="testCreateCustomerHomePage" finished-at="2020-06-22T16:34:54 IST" duration-ms="17749" status="PASS">
          <reporter-output>
            <line>
              <![CDATA[Customer Created Successfully]]>
            </line>
          </reporter-output>
        </test-method> <!-- testCreateCustomerHomePage -->
        <test-method is-config="true" signature="LogoutApp()[pri:0, instance:com.actitime.testscripts.CustomerTest@1a04f701]" started-at="2020-06-22T16:34:54 IST" name="LogoutApp" finished-at="2020-06-22T16:34:56 IST" duration-ms="1815" status="PASS">
          <reporter-output>
          </reporter-output>
        </test-method> <!-- LogoutApp -->
        <test-method is-config="true" signature="LoginApp()[pri:0, instance:com.actitime.testscripts.CustomerTest@1a04f701]" started-at="2020-06-22T16:34:56 IST" name="LoginApp" finished-at="2020-06-22T16:34:59 IST" duration-ms="2481" status="PASS">
          <reporter-output>
          </reporter-output>
        </test-method> <!-- LoginApp -->
        <test-method signature="testCreateCustomerTaskListPage()[pri:0, instance:com.actitime.testscripts.CustomerTest@1a04f701]" started-at="2020-06-22T16:34:59 IST" name="testCreateCustomerTaskListPage" finished-at="2020-06-22T16:35:24 IST" duration-ms="24766" status="PASS">
          <reporter-output>
            <line>
              <![CDATA[Customer Created Successfully]]>
            </line>
          </reporter-output>
        </test-method> <!-- testCreateCustomerTaskListPage -->
        <test-method is-config="true" signature="LogoutApp()[pri:0, instance:com.actitime.testscripts.CustomerTest@1a04f701]" started-at="2020-06-22T16:35:24 IST" name="LogoutApp" finished-at="2020-06-22T16:35:27 IST" duration-ms="3423" status="PASS">
          <reporter-output>
          </reporter-output>
        </test-method> <!-- LogoutApp -->
        <test-method is-config="true" signature="CloseBrowser()[pri:0, instance:com.actitime.testscripts.CustomerTest@1a04f701]" started-at="2020-06-22T16:35:27 IST" name="CloseBrowser" finished-at="2020-06-22T16:35:27 IST" duration-ms="271" status="PASS">
          <reporter-output>
          </reporter-output>
        </test-method> <!-- CloseBrowser -->
      </class> <!-- com.actitime.testscripts.CustomerTest -->
      <class name="com.actitime.testscripts.DeleteCustomer">
        <test-method is-config="true" signature="OpenBrowser()[pri:0, instance:com.actitime.testscripts.DeleteCustomer@d4342c2]" started-at="2020-06-22T16:36:10 IST" name="OpenBrowser" finished-at="2020-06-22T16:36:15 IST" duration-ms="5694" status="PASS">
          <reporter-output>
          </reporter-output>
        </test-method> <!-- OpenBrowser -->
        <test-method is-config="true" signature="LoginApp()[pri:0, instance:com.actitime.testscripts.DeleteCustomer@d4342c2]" started-at="2020-06-22T16:36:15 IST" name="LoginApp" finished-at="2020-06-22T16:36:28 IST" duration-ms="12327" status="PASS">
          <reporter-output>
          </reporter-output>
        </test-method> <!-- LoginApp -->
        <test-method signature="testDeleteCustomerMethod1()[pri:0, instance:com.actitime.testscripts.DeleteCustomer@d4342c2]" started-at="2020-06-22T16:36:28 IST" name="testDeleteCustomerMethod1" finished-at="2020-06-22T16:36:50 IST" duration-ms="22361" status="PASS">
          <reporter-output>
            <line>
              <![CDATA[Customer deleted successfully]]>
            </line>
          </reporter-output>
        </test-method> <!-- testDeleteCustomerMethod1 -->
        <test-method is-config="true" signature="LogoutApp()[pri:0, instance:com.actitime.testscripts.DeleteCustomer@d4342c2]" started-at="2020-06-22T16:36:50 IST" name="LogoutApp" finished-at="2020-06-22T16:36:53 IST" duration-ms="2380" status="PASS">
          <reporter-output>
          </reporter-output>
        </test-method> <!-- LogoutApp -->
        <test-method is-config="true" signature="LoginApp()[pri:0, instance:com.actitime.testscripts.DeleteCustomer@d4342c2]" started-at="2020-06-22T16:36:53 IST" name="LoginApp" finished-at="2020-06-22T16:36:55 IST" duration-ms="2450" status="PASS">
          <reporter-output>
          </reporter-output>
        </test-method> <!-- LoginApp -->
        <test-method signature="testDeleteCustomerMethod2()[pri:0, instance:com.actitime.testscripts.DeleteCustomer@d4342c2]" started-at="2020-06-22T16:36:55 IST" name="testDeleteCustomerMethod2" finished-at="2020-06-22T16:37:10 IST" duration-ms="14793" status="PASS">
          <reporter-output>
            <line>
              <![CDATA[Customer deleted successfully]]>
            </line>
          </reporter-output>
        </test-method> <!-- testDeleteCustomerMethod2 -->
        <test-method is-config="true" signature="LogoutApp()[pri:0, instance:com.actitime.testscripts.DeleteCustomer@d4342c2]" started-at="2020-06-22T16:37:10 IST" name="LogoutApp" finished-at="2020-06-22T16:37:13 IST" duration-ms="3447" status="PASS">
          <reporter-output>
          </reporter-output>
        </test-method> <!-- LogoutApp -->
        <test-method is-config="true" signature="CloseBrowser()[pri:0, instance:com.actitime.testscripts.DeleteCustomer@d4342c2]" started-at="2020-06-22T16:37:13 IST" name="CloseBrowser" finished-at="2020-06-22T16:37:13 IST" duration-ms="212" status="PASS">
          <reporter-output>
          </reporter-output>
        </test-method> <!-- CloseBrowser -->
      </class> <!-- com.actitime.testscripts.DeleteCustomer -->
      <class name="com.actitime.testscripts.SearchCustomer">
        <test-method is-config="true" signature="OpenBrowser()[pri:0, instance:com.actitime.testscripts.SearchCustomer@4e91d63f]" started-at="2020-06-22T16:35:27 IST" name="OpenBrowser" finished-at="2020-06-22T16:35:33 IST" duration-ms="5951" status="PASS">
          <reporter-output>
          </reporter-output>
        </test-method> <!-- OpenBrowser -->
        <test-method is-config="true" signature="LoginApp()[pri:0, instance:com.actitime.testscripts.SearchCustomer@4e91d63f]" started-at="2020-06-22T16:35:33 IST" name="LoginApp" finished-at="2020-06-22T16:35:45 IST" duration-ms="11728" status="PASS">
          <reporter-output>
          </reporter-output>
        </test-method> <!-- LoginApp -->
        <test-method signature="testSearchCustomerNegative()[pri:0, instance:com.actitime.testscripts.SearchCustomer@4e91d63f]" started-at="2020-06-22T16:35:45 IST" name="testSearchCustomerNegative" finished-at="2020-06-22T16:35:55 IST" duration-ms="9748" status="PASS">
          <reporter-output>
            <line>
              <![CDATA[Customer found]]>
            </line>
          </reporter-output>
        </test-method> <!-- testSearchCustomerNegative -->
        <test-method is-config="true" signature="LogoutApp()[pri:0, instance:com.actitime.testscripts.SearchCustomer@4e91d63f]" started-at="2020-06-22T16:35:55 IST" name="LogoutApp" finished-at="2020-06-22T16:35:57 IST" duration-ms="2479" status="PASS">
          <reporter-output>
          </reporter-output>
        </test-method> <!-- LogoutApp -->
        <test-method is-config="true" signature="LoginApp()[pri:0, instance:com.actitime.testscripts.SearchCustomer@4e91d63f]" started-at="2020-06-22T16:35:57 IST" name="LoginApp" finished-at="2020-06-22T16:36:00 IST" duration-ms="2471" status="PASS">
          <reporter-output>
          </reporter-output>
        </test-method> <!-- LoginApp -->
        <test-method signature="testSearchCustomerPositive()[pri:0, instance:com.actitime.testscripts.SearchCustomer@4e91d63f]" started-at="2020-06-22T16:36:00 IST" name="testSearchCustomerPositive" finished-at="2020-06-22T16:36:08 IST" duration-ms="7930" status="PASS">
          <reporter-output>
            <line>
              <![CDATA[Customer found]]>
            </line>
          </reporter-output>
        </test-method> <!-- testSearchCustomerPositive -->
        <test-method is-config="true" signature="LogoutApp()[pri:0, instance:com.actitime.testscripts.SearchCustomer@4e91d63f]" started-at="2020-06-22T16:36:08 IST" name="LogoutApp" finished-at="2020-06-22T16:36:10 IST" duration-ms="2021" status="PASS">
          <reporter-output>
          </reporter-output>
        </test-method> <!-- LogoutApp -->
        <test-method is-config="true" signature="CloseBrowser()[pri:0, instance:com.actitime.testscripts.SearchCustomer@4e91d63f]" started-at="2020-06-22T16:36:10 IST" name="CloseBrowser" finished-at="2020-06-22T16:36:10 IST" duration-ms="141" status="PASS">
          <reporter-output>
          </reporter-output>
        </test-method> <!-- CloseBrowser -->
      </class> <!-- com.actitime.testscripts.SearchCustomer -->
    </test> <!-- Test -->
  </suite> <!-- Suite -->
</testng-results>
