<?xml version="1.0" encoding="UTF-8"?>
<testng-results ignored="0" total="4" passed="3" failed="1" skipped="0">
  <reporter-output>
    <line>
      <![CDATA[Customer Created Successfully]]>
    </line>
    <line>
      <![CDATA[Customer Created Successfully]]>
    </line>
    <line>
      <![CDATA[Customer deleted successfully]]>
    </line>
  </reporter-output>
  <suite started-at="2020-06-22T08:25:57 IST" name="Suite" finished-at="2020-06-22T08:28:57 IST" duration-ms="180042">
    <groups>
    </groups>
    <test started-at="2020-06-22T08:25:57 IST" name="Test" finished-at="2020-06-22T08:28:57 IST" duration-ms="180042">
      <class name="com.actitime.testscripts.CustomerTest">
        <test-method is-config="true" signature="OpenBrowser()[pri:0, instance:com.actitime.testscripts.CustomerTest@3c9d0b9d]" started-at="2020-06-22T08:25:57 IST" name="OpenBrowser" finished-at="2020-06-22T08:26:06 IST" duration-ms="8329" status="PASS">
          <reporter-output>
          </reporter-output>
        </test-method> <!-- OpenBrowser -->
        <test-method is-config="true" signature="LoginApp()[pri:0, instance:com.actitime.testscripts.CustomerTest@3c9d0b9d]" started-at="2020-06-22T08:26:06 IST" name="LoginApp" finished-at="2020-06-22T08:26:22 IST" duration-ms="16655" status="PASS">
          <reporter-output>
          </reporter-output>
        </test-method> <!-- LoginApp -->
        <test-method signature="testCreateCustomerHomePage()[pri:0, instance:com.actitime.testscripts.CustomerTest@3c9d0b9d]" started-at="2020-06-22T08:26:22 IST" name="testCreateCustomerHomePage" finished-at="2020-06-22T08:26:44 IST" duration-ms="21353" status="PASS">
          <reporter-output>
            <line>
              <![CDATA[Customer Created Successfully]]>
            </line>
          </reporter-output>
        </test-method> <!-- testCreateCustomerHomePage -->
        <test-method is-config="true" signature="LogoutApp()[pri:0, instance:com.actitime.testscripts.CustomerTest@3c9d0b9d]" started-at="2020-06-22T08:26:44 IST" name="LogoutApp" finished-at="2020-06-22T08:26:46 IST" duration-ms="2095" status="PASS">
          <reporter-output>
          </reporter-output>
        </test-method> <!-- LogoutApp -->
        <test-method is-config="true" signature="LoginApp()[pri:0, instance:com.actitime.testscripts.CustomerTest@3c9d0b9d]" started-at="2020-06-22T08:26:46 IST" name="LoginApp" finished-at="2020-06-22T08:26:49 IST" duration-ms="3254" status="PASS">
          <reporter-output>
          </reporter-output>
        </test-method> <!-- LoginApp -->
        <test-method signature="testCreateCustomerTaskListPage()[pri:0, instance:com.actitime.testscripts.CustomerTest@3c9d0b9d]" started-at="2020-06-22T08:26:49 IST" name="testCreateCustomerTaskListPage" finished-at="2020-06-22T08:27:18 IST" duration-ms="29254" status="PASS">
          <reporter-output>
            <line>
              <![CDATA[Customer Created Successfully]]>
            </line>
          </reporter-output>
        </test-method> <!-- testCreateCustomerTaskListPage -->
        <test-method is-config="true" signature="LogoutApp()[pri:0, instance:com.actitime.testscripts.CustomerTest@3c9d0b9d]" started-at="2020-06-22T08:27:18 IST" name="LogoutApp" finished-at="2020-06-22T08:27:21 IST" duration-ms="2761" status="PASS">
          <reporter-output>
          </reporter-output>
        </test-method> <!-- LogoutApp -->
        <test-method is-config="true" signature="CloseBrowser()[pri:0, instance:com.actitime.testscripts.CustomerTest@3c9d0b9d]" started-at="2020-06-22T08:27:21 IST" name="CloseBrowser" finished-at="2020-06-22T08:27:26 IST" duration-ms="4480" status="PASS">
          <reporter-output>
          </reporter-output>
        </test-method> <!-- CloseBrowser -->
      </class> <!-- com.actitime.testscripts.CustomerTest -->
      <class name="com.actitime.testscripts.DeleteCustomer">
        <test-method is-config="true" signature="OpenBrowser()[pri:0, instance:com.actitime.testscripts.DeleteCustomer@43301423]" started-at="2020-06-22T08:27:26 IST" name="OpenBrowser" finished-at="2020-06-22T08:27:32 IST" duration-ms="6474" status="PASS">
          <reporter-output>
          </reporter-output>
        </test-method> <!-- OpenBrowser -->
        <test-method is-config="true" signature="LoginApp()[pri:0, instance:com.actitime.testscripts.DeleteCustomer@43301423]" started-at="2020-06-22T08:27:32 IST" name="LoginApp" finished-at="2020-06-22T08:27:44 IST" duration-ms="11637" status="PASS">
          <reporter-output>
          </reporter-output>
        </test-method> <!-- LoginApp -->
        <test-method signature="testDeleteCustomerMethod1()[pri:0, instance:com.actitime.testscripts.DeleteCustomer@43301423]" started-at="2020-06-22T08:27:44 IST" name="testDeleteCustomerMethod1" finished-at="2020-06-22T08:28:06 IST" duration-ms="22291" status="PASS">
          <reporter-output>
            <line>
              <![CDATA[Customer deleted successfully]]>
            </line>
          </reporter-output>
        </test-method> <!-- testDeleteCustomerMethod1 -->
        <test-method is-config="true" signature="LogoutApp()[pri:0, instance:com.actitime.testscripts.DeleteCustomer@43301423]" started-at="2020-06-22T08:28:06 IST" name="LogoutApp" finished-at="2020-06-22T08:28:11 IST" duration-ms="4947" status="PASS">
          <reporter-output>
          </reporter-output>
        </test-method> <!-- LogoutApp -->
        <test-method is-config="true" signature="LoginApp()[pri:0, instance:com.actitime.testscripts.DeleteCustomer@43301423]" started-at="2020-06-22T08:28:11 IST" name="LoginApp" finished-at="2020-06-22T08:28:16 IST" duration-ms="4485" status="PASS">
          <reporter-output>
          </reporter-output>
        </test-method> <!-- LoginApp -->
        <test-method signature="testDeleteCustomerMethod2()[pri:0, instance:com.actitime.testscripts.DeleteCustomer@43301423]" started-at="2020-06-22T08:28:16 IST" name="testDeleteCustomerMethod2" finished-at="2020-06-22T08:28:53 IST" duration-ms="37751" status="FAIL">
          <exception class="org.openqa.selenium.ElementNotInteractableException">
            <message>
              <![CDATA[element not interactable
  (Session info: chrome=83.0.4103.106)
Build info: version: '3.141.59', revision: 'e82be7d358', time: '2018-11-14T08:25:53'
System info: host: 'DESKTOP-R8DAEJM', ip: '192.168.43.126', os.name: 'Windows 10', os.arch: 'amd64', os.version: '10.0', java.version: '12.0.2'
Driver info: org.openqa.selenium.chrome.ChromeDriver
Capabilities {acceptInsecureCerts: false, browserName: chrome, browserVersion: 83.0.4103.106, chrome: {chromedriverVersion: 83.0.4103.39 (ccbf011cb2d2b..., userDataDir: C:\Users\SATISH~1\AppData\L...}, goog:chromeOptions: {debuggerAddress: localhost:51359}, javascriptEnabled: true, networkConnectionEnabled: false, pageLoadStrategy: normal, platform: WINDOWS, platformName: WINDOWS, proxy: Proxy(), setWindowRect: true, strictFileInteractability: false, timeouts: {implicit: 0, pageLoad: 300000, script: 30000}, unhandledPromptBehavior: dismiss and notify, webauthn:virtualAuthenticators: true}
Session ID: 4cb91a03b273edde5825826a98d0ea0e]]>
            </message>
            <full-stacktrace>
              <![CDATA[org.openqa.selenium.ElementNotInteractableException: element not interactable
  (Session info: chrome=83.0.4103.106)
Build info: version: '3.141.59', revision: 'e82be7d358', time: '2018-11-14T08:25:53'
System info: host: 'DESKTOP-R8DAEJM', ip: '192.168.43.126', os.name: 'Windows 10', os.arch: 'amd64', os.version: '10.0', java.version: '12.0.2'
Driver info: org.openqa.selenium.chrome.ChromeDriver
Capabilities {acceptInsecureCerts: false, browserName: chrome, browserVersion: 83.0.4103.106, chrome: {chromedriverVersion: 83.0.4103.39 (ccbf011cb2d2b..., userDataDir: C:\Users\SATISH~1\AppData\L...}, goog:chromeOptions: {debuggerAddress: localhost:51359}, javascriptEnabled: true, networkConnectionEnabled: false, pageLoadStrategy: normal, platform: WINDOWS, platformName: WINDOWS, proxy: Proxy(), setWindowRect: true, strictFileInteractability: false, timeouts: {implicit: 0, pageLoad: 300000, script: 30000}, unhandledPromptBehavior: dismiss and notify, webauthn:virtualAuthenticators: true}
Session ID: 4cb91a03b273edde5825826a98d0ea0e
at java.base/jdk.internal.reflect.NativeConstructorAccessorImpl.newInstance0(Native Method)
at java.base/jdk.internal.reflect.NativeConstructorAccessorImpl.newInstance(NativeConstructorAccessorImpl.java:62)
at java.base/jdk.internal.reflect.DelegatingConstructorAccessorImpl.newInstance(DelegatingConstructorAccessorImpl.java:45)
at java.base/java.lang.reflect.Constructor.newInstanceWithCaller(Constructor.java:500)
at java.base/java.lang.reflect.Constructor.newInstance(Constructor.java:481)
at org.openqa.selenium.remote.http.W3CHttpResponseCodec.createException(W3CHttpResponseCodec.java:187)
at org.openqa.selenium.remote.http.W3CHttpResponseCodec.decode(W3CHttpResponseCodec.java:122)
at org.openqa.selenium.remote.http.W3CHttpResponseCodec.decode(W3CHttpResponseCodec.java:49)
at org.openqa.selenium.remote.HttpCommandExecutor.execute(HttpCommandExecutor.java:158)
at org.openqa.selenium.remote.service.DriverCommandExecutor.execute(DriverCommandExecutor.java:83)
at org.openqa.selenium.remote.RemoteWebDriver.execute(RemoteWebDriver.java:552)
at org.openqa.selenium.remote.RemoteWebElement.execute(RemoteWebElement.java:285)
at org.openqa.selenium.remote.RemoteWebElement.click(RemoteWebElement.java:84)
at jdk.internal.reflect.GeneratedMethodAccessor1.invoke(Unknown Source)
at java.base/jdk.internal.reflect.DelegatingMethodAccessorImpl.invoke(DelegatingMethodAccessorImpl.java:43)
at java.base/java.lang.reflect.Method.invoke(Method.java:567)
at org.openqa.selenium.support.pagefactory.internal.LocatingElementHandler.invoke(LocatingElementHandler.java:51)
at com.sun.proxy.$Proxy14.click(Unknown Source)
at com.actitime.testscripts.DeleteCustomer.testDeleteCustomerMethod2(DeleteCustomer.java:66)
at java.base/jdk.internal.reflect.NativeMethodAccessorImpl.invoke0(Native Method)
at java.base/jdk.internal.reflect.NativeMethodAccessorImpl.invoke(NativeMethodAccessorImpl.java:62)
at java.base/jdk.internal.reflect.DelegatingMethodAccessorImpl.invoke(DelegatingMethodAccessorImpl.java:43)
at java.base/java.lang.reflect.Method.invoke(Method.java:567)
at org.testng.internal.MethodInvocationHelper.invokeMethod(MethodInvocationHelper.java:135)
at org.testng.internal.TestInvoker.invokeMethod(TestInvoker.java:598)
at org.testng.internal.TestInvoker.invokeTestMethod(TestInvoker.java:174)
at org.testng.internal.MethodRunner.runInSequence(MethodRunner.java:46)
at org.testng.internal.TestInvoker$MethodInvocationAgent.invoke(TestInvoker.java:821)
at org.testng.internal.TestInvoker.invokeTestMethods(TestInvoker.java:147)
at org.testng.internal.TestMethodWorker.invokeTestMethods(TestMethodWorker.java:146)
at org.testng.internal.TestMethodWorker.run(TestMethodWorker.java:128)
at java.base/java.util.ArrayList.forEach(ArrayList.java:1540)
at org.testng.TestRunner.privateRun(TestRunner.java:767)
at org.testng.TestRunner.run(TestRunner.java:588)
at org.testng.SuiteRunner.runTest(SuiteRunner.java:384)
at org.testng.SuiteRunner.runSequentially(SuiteRunner.java:378)
at org.testng.SuiteRunner.privateRun(SuiteRunner.java:337)
at org.testng.SuiteRunner.run(SuiteRunner.java:286)
at org.testng.SuiteRunnerWorker.runSuite(SuiteRunnerWorker.java:53)
at org.testng.SuiteRunnerWorker.run(SuiteRunnerWorker.java:96)
at org.testng.TestNG.runSuitesSequentially(TestNG.java:1214)
at org.testng.TestNG.runSuitesLocally(TestNG.java:1136)
at org.testng.TestNG.runSuites(TestNG.java:1066)
at org.testng.TestNG.run(TestNG.java:1034)
at org.testng.remote.AbstractRemoteTestNG.run(AbstractRemoteTestNG.java:115)
at org.testng.remote.RemoteTestNG.initAndRun(RemoteTestNG.java:251)
at org.testng.remote.RemoteTestNG.main(RemoteTestNG.java:77)
]]>
            </full-stacktrace>
          </exception> <!-- org.openqa.selenium.ElementNotInteractableException -->
          <reporter-output>
          </reporter-output>
        </test-method> <!-- testDeleteCustomerMethod2 -->
        <test-method is-config="true" signature="LogoutApp()[pri:0, instance:com.actitime.testscripts.DeleteCustomer@43301423]" started-at="2020-06-22T08:28:53 IST" name="LogoutApp" finished-at="2020-06-22T08:28:57 IST" duration-ms="3554" status="PASS">
          <reporter-output>
          </reporter-output>
        </test-method> <!-- LogoutApp -->
        <test-method is-config="true" signature="CloseBrowser()[pri:0, instance:com.actitime.testscripts.DeleteCustomer@43301423]" started-at="2020-06-22T08:28:57 IST" name="CloseBrowser" finished-at="2020-06-22T08:28:57 IST" duration-ms="337" status="PASS">
          <reporter-output>
          </reporter-output>
        </test-method> <!-- CloseBrowser -->
      </class> <!-- com.actitime.testscripts.DeleteCustomer -->
    </test> <!-- Test -->
  </suite> <!-- Suite -->
</testng-results>
