<?xml version="1.0" encoding="UTF-8"?>
<!-- Generated by org.testng.reporters.JUnitXMLReporter -->
<testsuite ignored="0" hostname="DESKTOP-R8DAEJM" failures="0" tests="6" name="Test" time="178.313" errors="0" timestamp="2020-06-22T16:37:13 IST">
  <testcase classname="com.actitime.testscripts.CustomerTest" name="testCreateCustomerHomePage" time="17.749"/>
  <testcase classname="com.actitime.testscripts.CustomerTest" name="testCreateCustomerTaskListPage" time="24.766"/>
  <testcase classname="com.actitime.testscripts.SearchCustomer" name="testSearchCustomerNegative" time="9.748"/>
  <testcase classname="com.actitime.testscripts.SearchCustomer" name="testSearchCustomerPositive" time="7.93"/>
  <testcase classname="com.actitime.testscripts.DeleteCustomer" name="testDeleteCustomerMethod1" time="22.361"/>
  <testcase classname="com.actitime.testscripts.DeleteCustomer" name="testDeleteCustomerMethod2" time="14.793"/>
</testsuite> <!-- Test -->
