<?xml version="1.0" encoding="UTF-8"?>
<testng-results ignored="0" total="1" passed="1" failed="0" skipped="0">
  <reporter-output>
  </reporter-output>
  <suite started-at="2020-06-11T12:41:42 IST" name="Default suite" finished-at="2020-06-11T12:42:01 IST" duration-ms="18999">
    <groups>
    </groups>
    <test started-at="2020-06-11T12:41:42 IST" name="Default test" finished-at="2020-06-11T12:42:01 IST" duration-ms="18999">
      <class name="Assignment.SearchWiproJobs">
        <test-method signature="testSearchWiproJobs()[pri:0, instance:Assignment.SearchWiproJobs@7219ec67]" started-at="2020-06-11T12:41:42 IST" name="testSearchWiproJobs" finished-at="2020-06-11T12:42:01 IST" duration-ms="18917" status="PASS">
          <reporter-output>
          </reporter-output>
        </test-method> <!-- testSearchWiproJobs -->
      </class> <!-- Assignment.SearchWiproJobs -->
    </test> <!-- Default test -->
  </suite> <!-- Default suite -->
</testng-results>
