<?xml version="1.0" encoding="UTF-8"?>
<!-- Generated by org.testng.reporters.JUnitXMLReporter -->
<testsuite ignored="0" hostname="DESKTOP-R8DAEJM" failures="0" tests="2" name="Default test" time="50.804" errors="0" timestamp="2020-06-22T16:22:58 IST">
  <testcase classname="com.actitime.testscripts.SearchCustomer" name="testSearchCustomerNegative" time="13.455"/>
  <testcase classname="com.actitime.testscripts.SearchCustomer" name="testSearchCustomerPositive" time="7.176"/>
</testsuite> <!-- Default test -->
